<?xml version="1.0" encoding="UTF-8"?>
<!-- Generated by org.testng.reporters.JUnitReportReporter -->
<testsuite skipped="0" hostname="Elango" name="TestNG.screenshot" tests="1" failures="0" timestamp="25 Aug 2018 05:20:23 GMT" time="18.339" errors="0">
  <testcase name="test" time="18.339" classname="TestNG.screenshot"/>
</testsuite> <!-- TestNG.screenshot -->
