<?xml version="1.0" encoding="UTF-8"?>
<!-- Generated by org.testng.reporters.JUnitReportReporter -->
<testsuite skipped="0" hostname="Elango" name="TestNG.demo" tests="1" failures="0" timestamp="25 Aug 2018 01:58:33 GMT" time="0.003" errors="0">
  <testcase name="run" time="0.003" classname="TestNG.demo"/>
</testsuite> <!-- TestNG.demo -->
